SF:lib\models\character_model.dart
DA:6,1
DA:34,2
DA:35,1
DA:36,1
DA:37,1
DA:38,1
DA:39,1
DA:40,1
DA:41,2
DA:42,2
DA:43,1
DA:44,4
DA:45,1
DA:46,2
DA:49,0
DA:50,0
DA:52,0
DA:54,0
DA:55,0
DA:56,0
DA:57,0
DA:58,0
DA:59,0
DA:60,0
DA:61,0
DA:62,0
DA:63,0
DA:64,0
DA:65,0
DA:66,0
LF:30
LH:14
end_of_record
SF:lib\services\adapters\character_adapter.dart
DA:4,1
DA:5,1
DA:6,3
DA:7,1
LF:4
LH:4
end_of_record
SF:lib\services\repository.dart
DA:10,1
DA:13,3
DA:14,1
DA:15,1
DA:26,1
DA:29,3
DA:30,1
DA:31,1
LF:8
LH:8
end_of_record
SF:lib\models\location_model.dart
DA:2,1
DA:10,2
DA:11,1
DA:12,1
DA:15,0
DA:16,0
DA:17,0
LF:7
LH:4
end_of_record
